<?xml version="1.0" encoding="UTF-8"?>
<coverage generated="1780497340833" clover="3.2.0">
  <project timestamp="1780497340833" name="All files">
    <metrics statements="12" coveredstatements="12" conditionals="6" coveredconditionals="6" methods="6" coveredmethods="6" elements="24" coveredelements="24" complexity="0" loc="12" ncloc="12" packages="1" files="1" classes="1"/>
    <file name="helpers.js" path="E:\Workspace\cocobot-pages\pages\snake3d\tests\helpers.js">
      <metrics statements="12" coveredstatements="12" conditionals="6" coveredconditionals="6" methods="6" coveredmethods="6"/>
      <line num="6" count="407" type="stmt"/>
      <line num="7" count="645" type="stmt"/>
      <line num="9" count="407" type="cond" truecount="2" falsecount="0"/>
      <line num="13" count="323" type="stmt"/>
      <line num="14" count="340" type="stmt"/>
      <line num="15" count="323" type="cond" truecount="2" falsecount="0"/>
      <line num="16" count="323" type="stmt"/>
      <line num="18" count="323" type="stmt"/>
      <line num="20" count="323" type="cond" truecount="2" falsecount="0"/>
      <line num="24" count="327" type="stmt"/>
      <line num="25" count="327" type="stmt"/>
      <line num="28" count="12" type="stmt"/>
    </file>
  </project>
</coverage>
