<?xml version="1.0" encoding="UTF-8"?>
<coverage generated="1780247684882" clover="3.2.0">
  <project timestamp="1780247684882" name="All files">
    <metrics statements="7" coveredstatements="7" conditionals="0" coveredconditionals="0" methods="6" coveredmethods="6" elements="13" coveredelements="13" complexity="0" loc="7" ncloc="7" packages="1" files="1" classes="1"/>
    <file name="helpers.js" path="/root/workspace/cocobot-pages/pages/snake3d/tests/helpers.js">
      <metrics statements="7" coveredstatements="7" conditionals="0" coveredconditionals="0" methods="6" coveredmethods="6"/>
      <line num="6" count="252" type="stmt"/>
      <line num="7" count="522" type="stmt"/>
      <line num="11" count="211" type="stmt"/>
      <line num="12" count="211" type="stmt"/>
      <line num="16" count="215" type="stmt"/>
      <line num="17" count="215" type="stmt"/>
      <line num="20" count="6" type="stmt"/>
    </file>
  </project>
</coverage>
