{"/root/workspace/cocobot-pages/pages/snake3d/tests/helpers.js": {"path":"/root/workspace/cocobot-pages/pages/snake3d/tests/helpers.js","statementMap":{"0":{"start":{"line":6,"column":2},"end":{"line":6,"column":19}},"1":{"start":{"line":7,"column":2},"end":{"line":7,"column":39}},"2":{"start":{"line":7,"column":24},"end":{"line":7,"column":37}},"3":{"start":{"line":11,"column":2},"end":{"line":11,"column":20}},"4":{"start":{"line":12,"column":2},"end":{"line":12,"column":37}},"5":{"start":{"line":12,"column":21},"end":{"line":12,"column":35}},"6":{"start":{"line":16,"column":2},"end":{"line":16,"column":23}},"7":{"start":{"line":17,"column":2},"end":{"line":17,"column":40}},"8":{"start":{"line":17,"column":21},"end":{"line":17,"column":38}},"9":{"start":{"line":20,"column":0},"end":{"line":20,"column":55}}},"fnMap":{"0":{"name":"setSnake","decl":{"start":{"line":5,"column":9},"end":{"line":5,"column":17}},"loc":{"start":{"line":5,"column":28},"end":{"line":8,"column":1}},"line":5},"1":{"name":"(anonymous_1)","decl":{"start":{"line":7,"column":19},"end":{"line":7,"column":20}},"loc":{"start":{"line":7,"column":24},"end":{"line":7,"column":37}},"line":7},"2":{"name":"setApples","decl":{"start":{"line":10,"column":9},"end":{"line":10,"column":18}},"loc":{"start":{"line":10,"column":26},"end":{"line":13,"column":1}},"line":10},"3":{"name":"(anonymous_3)","decl":{"start":{"line":12,"column":16},"end":{"line":12,"column":17}},"loc":{"start":{"line":12,"column":21},"end":{"line":12,"column":35}},"line":12},"4":{"name":"setObstacles","decl":{"start":{"line":15,"column":9},"end":{"line":15,"column":21}},"loc":{"start":{"line":15,"column":29},"end":{"line":18,"column":1}},"line":15},"5":{"name":"(anonymous_5)","decl":{"start":{"line":17,"column":16},"end":{"line":17,"column":17}},"loc":{"start":{"line":17,"column":21},"end":{"line":17,"column":38}},"line":17}},"branchMap":{},"s":{"0":129,"1":129,"2":342,"3":97,"4":97,"5":45,"6":98,"7":98,"8":30,"9":3},"f":{"0":129,"1":342,"2":97,"3":45,"4":98,"5":30},"b":{},"_coverageSchema":"1a1c01bbd47fc00a2c39e90264f33305004495a9","hash":"26e963c84444b62620c7fd735f445412bc80906e"}
}
