TN:
SF:tests\helpers.js
FN:5,setSnake
FN:7,(anonymous_1)
FN:12,setApples
FN:14,(anonymous_3)
FN:23,setObstacles
FN:25,(anonymous_5)
FNF:6
FNH:6
FNDA:407,setSnake
FNDA:645,(anonymous_1)
FNDA:323,setApples
FNDA:340,(anonymous_3)
FNDA:327,setObstacles
FNDA:61,(anonymous_5)
DA:6,407
DA:7,645
DA:9,407
DA:13,323
DA:14,340
DA:15,323
DA:16,323
DA:18,323
DA:20,323
DA:24,327
DA:25,327
DA:28,12
LF:12
LH:12
BRDA:9,0,0,406
BRDA:9,0,1,1
BRDA:15,1,0,321
BRDA:15,1,1,2
BRDA:20,2,0,322
BRDA:20,2,1,1
BRF:6
BRH:6
end_of_record
